<?xml version="1.0" encoding="UTF-8"?>
<testsuite name="test.DeliveryTest_DateChanged" tests="1" skipped="0" failures="0" errors="0" timestamp="2022-12-03T10:23:43" hostname="WIN-TFBKLJTC74I" time="64.38">
  <properties/>
  <testcase name="deliveryTest()" classname="test.DeliveryTest_DateChanged" time="64.38"/>
  <system-out><![CDATA[]]></system-out>
  <system-err><![CDATA[SLF4J: Failed to load class "org.slf4j.impl.StaticLoggerBinder".
SLF4J: Defaulting to no-operation (NOP) logger implementation
SLF4J: See http://www.slf4j.org/codes.html#StaticLoggerBinder for further details.
Starting ChromeDriver 107.0.5304.62 (1eec40d3a5764881c92085aaee66d25075c159aa-refs/branch-heads/5304@{#942}) on port 3770
Only local connections are allowed.
Please see https://chromedriver.chromium.org/security-considerations for suggestions on keeping ChromeDriver safe.
ChromeDriver was started successfully.
дек. 03, 2022 5:24:21 PM org.openqa.selenium.remote.ProtocolHandshake createSession
INFO: Detected dialect: W3C
]]></system-err>
</testsuite>
